<?xml version="1.0" encoding="UTF-8"?>
<testng-results ignored="0" total="1" passed="1" failed="0" skipped="0">
  <reporter-output>
  </reporter-output>
  <suite started-at="2021-12-30T10:40:33 IST" name="Default suite" finished-at="2021-12-30T10:42:14 IST" duration-ms="100648">
    <groups>
      <group name="smokesuite">
        <method signature="CreateContactTest.createContactTest()[pri:0, instance:com.crm.autodesk.contact.CreateContactTest@1b1426f4]" name="createContactTest" class="com.crm.autodesk.contact.CreateContactTest"/>
      </group> <!-- smokesuite -->
    </groups>
    <test started-at="2021-12-30T10:40:33 IST" name="Default test" finished-at="2021-12-30T10:42:14 IST" duration-ms="100648">
      <class name="com.crm.autodesk.contact.CreateContactTest">
        <test-method is-config="true" signature="dataBaseConnection()[pri:0, instance:com.crm.autodesk.contact.CreateContactTest@1b1426f4]" started-at="2021-12-30T10:40:33 IST" name="dataBaseConnection" finished-at="2021-12-30T10:40:33 IST" duration-ms="17" status="PASS">
          <reporter-output>
          </reporter-output>
        </test-method> <!-- dataBaseConnection -->
        <test-method is-config="true" signature="launchBrowser()[pri:0, instance:com.crm.autodesk.contact.CreateContactTest@1b1426f4]" started-at="2021-12-30T10:40:33 IST" name="launchBrowser" finished-at="2021-12-30T10:41:09 IST" duration-ms="35294" status="PASS">
          <reporter-output>
          </reporter-output>
        </test-method> <!-- launchBrowser -->
        <test-method is-config="true" signature="loginPage()[pri:0, instance:com.crm.autodesk.contact.CreateContactTest@1b1426f4]" started-at="2021-12-30T10:41:09 IST" name="loginPage" finished-at="2021-12-30T10:41:28 IST" duration-ms="18997" status="PASS">
          <reporter-output>
          </reporter-output>
        </test-method> <!-- loginPage -->
        <test-method signature="createContactTest()[pri:0, instance:com.crm.autodesk.contact.CreateContactTest@1b1426f4]" started-at="2021-12-30T10:41:28 IST" name="createContactTest" finished-at="2021-12-30T10:42:10 IST" duration-ms="42780" status="PASS">
          <reporter-output>
          </reporter-output>
        </test-method> <!-- createContactTest -->
        <test-method is-config="true" signature="logoutPage()[pri:0, instance:com.crm.autodesk.contact.CreateContactTest@1b1426f4]" started-at="2021-12-30T10:42:10 IST" name="logoutPage" finished-at="2021-12-30T10:42:13 IST" duration-ms="2801" status="PASS">
          <reporter-output>
          </reporter-output>
        </test-method> <!-- logoutPage -->
        <test-method is-config="true" signature="closeBrowser()[pri:0, instance:com.crm.autodesk.contact.CreateContactTest@1b1426f4]" started-at="2021-12-30T10:42:13 IST" name="closeBrowser" finished-at="2021-12-30T10:42:14 IST" duration-ms="724" status="PASS">
          <reporter-output>
          </reporter-output>
        </test-method> <!-- closeBrowser -->
        <test-method is-config="true" signature="closeDataBase()[pri:0, instance:com.crm.autodesk.contact.CreateContactTest@1b1426f4]" started-at="2021-12-30T10:42:14 IST" name="closeDataBase" finished-at="2021-12-30T10:42:14 IST" duration-ms="1" status="PASS">
          <reporter-output>
          </reporter-output>
        </test-method> <!-- closeDataBase -->
      </class> <!-- com.crm.autodesk.contact.CreateContactTest -->
    </test> <!-- Default test -->
  </suite> <!-- Default suite -->
</testng-results>
